2025-07-24 09:31:44.235 [main] INFO  com.baicha.mywallpaper.MyWallpaperApplication - Starting MyWallpaperApplication using Java 17.0.16 with PID 576 (C:\Users\12793\Desktop\MyWallpaper\MyWallpaper\target\classes started by 12793 in C:\Users\12793\Desktop\MyWallpaper\MyWallpaper)
2025-07-24 09:31:44.244 [main] INFO  com.baicha.mywallpaper.MyWallpaperApplication - The following 1 profile is active: "test"
2025-07-24 09:31:45.321 [main] INFO  o.s.d.r.config.RepositoryConfigurationDelegate - Multiple Spring Data modules found, entering strict repository configuration mode
2025-07-24 09:31:45.326 [main] INFO  o.s.d.r.config.RepositoryConfigurationDelegate - Bootstrapping Spring Data Redis repositories in DEFAULT mode.
2025-07-24 09:31:45.364 [main] INFO  o.s.d.r.config.RepositoryConfigurationDelegate - Finished Spring Data repository scanning in 13 ms. Found 0 Redis repository interfaces.
2025-07-24 09:31:46.357 [main] INFO  o.s.boot.web.embedded.tomcat.TomcatWebServer - Tomcat initialized with port 8088 (http)
2025-07-24 09:31:46.375 [main] INFO  org.apache.coyote.http11.Http11NioProtocol - Initializing ProtocolHandler ["http-nio-8088"]
2025-07-24 09:31:46.377 [main] INFO  org.apache.catalina.core.StandardService - Starting service [Tomcat]
2025-07-24 09:31:46.378 [main] INFO  org.apache.catalina.core.StandardEngine - Starting Servlet engine: [Apache Tomcat/10.1.42]
2025-07-24 09:31:46.462 [main] INFO  o.a.c.core.ContainerBase.[Tomcat].[localhost].[/] - Initializing Spring embedded WebApplicationContext
2025-07-24 09:31:46.463 [main] INFO  o.s.b.w.s.c.ServletWebServerApplicationContext - Root WebApplicationContext: initialization completed in 2171 ms
2025-07-24 09:31:47.914 [main] INFO  o.s.v.beanvalidation.OptionalValidatorFactoryBean - Failed to set up a Bean Validation provider: jakarta.validation.NoProviderFoundException: Unable to create a Configuration, because no Jakarta Bean Validation provider could be found. Add a provider like Hibernate Validator (RI) to your classpath.
2025-07-24 09:31:48.113 [main] INFO  c.b.m.e.spring.MybatisPlusApplicationContextAware - Register ApplicationContext instances org.springframework.boot.web.servlet.context.AnnotationConfigServletWebServerApplicationContext@33aa93c
2025-07-24 09:31:48.302 [main] INFO  org.apache.coyote.http11.Http11NioProtocol - Starting ProtocolHandler ["http-nio-8088"]
2025-07-24 09:31:48.319 [main] INFO  o.s.boot.web.embedded.tomcat.TomcatWebServer - Tomcat started on port 8088 (http) with context path '/'
2025-07-24 09:31:48.329 [main] INFO  com.baicha.mywallpaper.MyWallpaperApplication - Started MyWallpaperApplication in 4.767 seconds (process running for 7.477)
2025-07-24 09:31:52.412 [SpringApplicationShutdownHook] INFO  o.s.boot.web.embedded.tomcat.GracefulShutdown - Commencing graceful shutdown. Waiting for active requests to complete
2025-07-24 09:31:52.634 [tomcat-shutdown] INFO  o.s.boot.web.embedded.tomcat.GracefulShutdown - Graceful shutdown complete
2025-07-24 09:31:56.159 [main] INFO  com.baicha.mywallpaper.MyWallpaperApplication - Starting MyWallpaperApplication using Java 17.0.16 with PID 22340 (C:\Users\12793\Desktop\MyWallpaper\MyWallpaper\target\classes started by 12793 in C:\Users\12793\Desktop\MyWallpaper\MyWallpaper)
2025-07-24 09:31:56.161 [main] INFO  com.baicha.mywallpaper.MyWallpaperApplication - The following 1 profile is active: "dev"
2025-07-24 09:31:57.253 [main] INFO  o.s.d.r.config.RepositoryConfigurationDelegate - Multiple Spring Data modules found, entering strict repository configuration mode
2025-07-24 09:31:57.256 [main] INFO  o.s.d.r.config.RepositoryConfigurationDelegate - Bootstrapping Spring Data Redis repositories in DEFAULT mode.
2025-07-24 09:31:57.284 [main] INFO  o.s.d.r.config.RepositoryConfigurationDelegate - Finished Spring Data repository scanning in 12 ms. Found 0 Redis repository interfaces.
2025-07-24 09:31:57.884 [main] INFO  o.s.boot.web.embedded.tomcat.TomcatWebServer - Tomcat initialized with port 8088 (http)
2025-07-24 09:31:57.899 [main] INFO  org.apache.coyote.http11.Http11NioProtocol - Initializing ProtocolHandler ["http-nio-8088"]
2025-07-24 09:31:57.902 [main] INFO  org.apache.catalina.core.StandardService - Starting service [Tomcat]
2025-07-24 09:31:57.903 [main] INFO  org.apache.catalina.core.StandardEngine - Starting Servlet engine: [Apache Tomcat/10.1.42]
2025-07-24 09:31:57.958 [main] INFO  o.a.c.core.ContainerBase.[Tomcat].[localhost].[/] - Initializing Spring embedded WebApplicationContext
2025-07-24 09:31:57.958 [main] INFO  o.s.b.w.s.c.ServletWebServerApplicationContext - Root WebApplicationContext: initialization completed in 1750 ms
2025-07-24 09:31:59.047 [main] INFO  o.s.v.beanvalidation.OptionalValidatorFactoryBean - Failed to set up a Bean Validation provider: jakarta.validation.NoProviderFoundException: Unable to create a Configuration, because no Jakarta Bean Validation provider could be found. Add a provider like Hibernate Validator (RI) to your classpath.
2025-07-24 09:31:59.214 [main] INFO  c.b.m.e.spring.MybatisPlusApplicationContextAware - Register ApplicationContext instances org.springframework.boot.web.servlet.context.AnnotationConfigServletWebServerApplicationContext@12365c88
2025-07-24 09:31:59.411 [main] INFO  org.apache.coyote.http11.Http11NioProtocol - Starting ProtocolHandler ["http-nio-8088"]
2025-07-24 09:31:59.429 [main] INFO  o.s.boot.web.embedded.tomcat.TomcatWebServer - Tomcat started on port 8088 (http) with context path '/'
2025-07-24 09:31:59.439 [main] INFO  com.baicha.mywallpaper.MyWallpaperApplication - Started MyWallpaperApplication in 4.177 seconds (process running for 5.163)
2025-07-24 09:32:07.169 [http-nio-8088-exec-1] INFO  o.a.c.core.ContainerBase.[Tomcat].[localhost].[/] - Initializing Spring DispatcherServlet 'dispatcherServlet'
2025-07-24 09:32:07.169 [http-nio-8088-exec-1] INFO  org.springframework.web.servlet.DispatcherServlet - Initializing Servlet 'dispatcherServlet'
2025-07-24 09:32:07.170 [http-nio-8088-exec-1] INFO  org.springframework.web.servlet.DispatcherServlet - Completed initialization in 1 ms
2025-07-24 09:37:59.057 [SpringApplicationShutdownHook] INFO  o.s.boot.web.embedded.tomcat.GracefulShutdown - Commencing graceful shutdown. Waiting for active requests to complete
2025-07-24 09:37:59.267 [tomcat-shutdown] INFO  o.s.boot.web.embedded.tomcat.GracefulShutdown - Graceful shutdown complete
2025-07-24 13:48:47.579 [main] INFO  com.baicha.mywallpaper.MyWallpaperApplication - Starting MyWallpaperApplication using Java 17.0.16 with PID 12448 (C:\Users\12793\Desktop\MyWallpaper\MyWallpaper\target\classes started by 12793 in C:\Users\12793\Desktop\MyWallpaper\MyWallpaper)
2025-07-24 13:48:47.581 [main] INFO  com.baicha.mywallpaper.MyWallpaperApplication - The following 1 profile is active: "dev"
2025-07-24 13:48:48.420 [main] INFO  o.s.d.r.config.RepositoryConfigurationDelegate - Multiple Spring Data modules found, entering strict repository configuration mode
2025-07-24 13:48:48.422 [main] INFO  o.s.d.r.config.RepositoryConfigurationDelegate - Bootstrapping Spring Data Redis repositories in DEFAULT mode.
2025-07-24 13:48:48.452 [main] INFO  o.s.d.r.config.RepositoryConfigurationDelegate - Finished Spring Data repository scanning in 11 ms. Found 0 Redis repository interfaces.
2025-07-24 13:48:49.118 [main] INFO  o.s.boot.web.embedded.tomcat.TomcatWebServer - Tomcat initialized with port 8088 (http)
2025-07-24 13:48:49.130 [main] INFO  org.apache.coyote.http11.Http11NioProtocol - Initializing ProtocolHandler ["http-nio-8088"]
2025-07-24 13:48:49.132 [main] INFO  org.apache.catalina.core.StandardService - Starting service [Tomcat]
2025-07-24 13:48:49.132 [main] INFO  org.apache.catalina.core.StandardEngine - Starting Servlet engine: [Apache Tomcat/10.1.42]
2025-07-24 13:48:49.196 [main] INFO  o.a.c.core.ContainerBase.[Tomcat].[localhost].[/] - Initializing Spring embedded WebApplicationContext
2025-07-24 13:48:49.197 [main] INFO  o.s.b.w.s.c.ServletWebServerApplicationContext - Root WebApplicationContext: initialization completed in 1581 ms
2025-07-24 13:48:50.394 [main] INFO  o.s.v.beanvalidation.OptionalValidatorFactoryBean - Failed to set up a Bean Validation provider: jakarta.validation.NoProviderFoundException: Unable to create a Configuration, because no Jakarta Bean Validation provider could be found. Add a provider like Hibernate Validator (RI) to your classpath.
2025-07-24 13:48:50.588 [main] INFO  c.b.m.e.spring.MybatisPlusApplicationContextAware - Register ApplicationContext instances org.springframework.boot.web.servlet.context.AnnotationConfigServletWebServerApplicationContext@6bd51ed8
2025-07-24 13:48:50.841 [main] INFO  org.apache.coyote.http11.Http11NioProtocol - Starting ProtocolHandler ["http-nio-8088"]
2025-07-24 13:48:50.865 [main] INFO  o.s.boot.web.embedded.tomcat.TomcatWebServer - Tomcat started on port 8088 (http) with context path '/'
2025-07-24 13:48:50.879 [main] INFO  com.baicha.mywallpaper.MyWallpaperApplication - Started MyWallpaperApplication in 3.885 seconds (process running for 11.596)
2025-07-24 13:49:00.798 [http-nio-8088-exec-1] INFO  o.a.c.core.ContainerBase.[Tomcat].[localhost].[/] - Initializing Spring DispatcherServlet 'dispatcherServlet'
2025-07-24 13:49:00.798 [http-nio-8088-exec-1] INFO  org.springframework.web.servlet.DispatcherServlet - Initializing Servlet 'dispatcherServlet'
2025-07-24 13:49:00.799 [http-nio-8088-exec-1] INFO  org.springframework.web.servlet.DispatcherServlet - Completed initialization in 1 ms
2025-07-24 13:49:20.650 [http-nio-8088-exec-5] INFO  com.zaxxer.hikari.HikariDataSource - HikariPool-1 - Starting...
2025-07-24 13:49:21.072 [http-nio-8088-exec-5] INFO  com.zaxxer.hikari.pool.HikariPool - HikariPool-1 - Added connection com.mysql.cj.jdbc.ConnectionImpl@120b62bc
2025-07-24 13:49:21.076 [http-nio-8088-exec-5] INFO  com.zaxxer.hikari.HikariDataSource - HikariPool-1 - Start completed.
2025-07-24 13:53:14.696 [SpringApplicationShutdownHook] INFO  o.s.boot.web.embedded.tomcat.GracefulShutdown - Commencing graceful shutdown. Waiting for active requests to complete
2025-07-24 13:53:14.890 [tomcat-shutdown] INFO  o.s.boot.web.embedded.tomcat.GracefulShutdown - Graceful shutdown complete
2025-07-24 13:53:15.021 [SpringApplicationShutdownHook] INFO  com.zaxxer.hikari.HikariDataSource - HikariPool-1 - Shutdown initiated...
2025-07-24 13:53:15.045 [SpringApplicationShutdownHook] INFO  com.zaxxer.hikari.HikariDataSource - HikariPool-1 - Shutdown completed.
2025-07-24 13:53:20.388 [main] INFO  com.baicha.mywallpaper.MyWallpaperApplication - Starting MyWallpaperApplication using Java 17.0.16 with PID 26732 (C:\Users\12793\Desktop\MyWallpaper\MyWallpaper\target\classes started by 12793 in C:\Users\12793\Desktop\MyWallpaper\MyWallpaper)
2025-07-24 13:53:20.389 [main] INFO  com.baicha.mywallpaper.MyWallpaperApplication - The following 1 profile is active: "dev"
2025-07-24 13:53:21.199 [main] INFO  o.s.d.r.config.RepositoryConfigurationDelegate - Multiple Spring Data modules found, entering strict repository configuration mode
2025-07-24 13:53:21.201 [main] INFO  o.s.d.r.config.RepositoryConfigurationDelegate - Bootstrapping Spring Data Redis repositories in DEFAULT mode.
2025-07-24 13:53:21.235 [main] INFO  o.s.d.r.config.RepositoryConfigurationDelegate - Finished Spring Data repository scanning in 12 ms. Found 0 Redis repository interfaces.
2025-07-24 13:53:21.769 [main] INFO  o.s.boot.web.embedded.tomcat.TomcatWebServer - Tomcat initialized with port 8088 (http)
2025-07-24 13:53:21.783 [main] INFO  org.apache.coyote.http11.Http11NioProtocol - Initializing ProtocolHandler ["http-nio-8088"]
2025-07-24 13:53:21.785 [main] INFO  org.apache.catalina.core.StandardService - Starting service [Tomcat]
2025-07-24 13:53:21.785 [main] INFO  org.apache.catalina.core.StandardEngine - Starting Servlet engine: [Apache Tomcat/10.1.42]
2025-07-24 13:53:21.846 [main] INFO  o.a.c.core.ContainerBase.[Tomcat].[localhost].[/] - Initializing Spring embedded WebApplicationContext
2025-07-24 13:53:21.846 [main] INFO  o.s.b.w.s.c.ServletWebServerApplicationContext - Root WebApplicationContext: initialization completed in 1406 ms
2025-07-24 13:53:23.174 [main] INFO  o.s.v.beanvalidation.OptionalValidatorFactoryBean - Failed to set up a Bean Validation provider: jakarta.validation.NoProviderFoundException: Unable to create a Configuration, because no Jakarta Bean Validation provider could be found. Add a provider like Hibernate Validator (RI) to your classpath.
2025-07-24 13:53:23.364 [main] INFO  c.b.m.e.spring.MybatisPlusApplicationContextAware - Register ApplicationContext instances org.springframework.boot.web.servlet.context.AnnotationConfigServletWebServerApplicationContext@315ba14a
2025-07-24 13:53:23.559 [main] INFO  org.apache.coyote.http11.Http11NioProtocol - Starting ProtocolHandler ["http-nio-8088"]
2025-07-24 13:53:23.577 [main] INFO  o.s.boot.web.embedded.tomcat.TomcatWebServer - Tomcat started on port 8088 (http) with context path '/'
2025-07-24 13:53:23.587 [main] INFO  com.baicha.mywallpaper.MyWallpaperApplication - Started MyWallpaperApplication in 3.84 seconds (process running for 4.497)
2025-07-24 14:00:06.404 [SpringApplicationShutdownHook] INFO  o.s.boot.web.embedded.tomcat.GracefulShutdown - Commencing graceful shutdown. Waiting for active requests to complete
2025-07-24 14:00:06.600 [tomcat-shutdown] INFO  o.s.boot.web.embedded.tomcat.GracefulShutdown - Graceful shutdown complete
2025-07-24 14:00:11.074 [main] INFO  com.baicha.mywallpaper.MyWallpaperApplication - Starting MyWallpaperApplication using Java 17.0.16 with PID 28796 (C:\Users\12793\Desktop\MyWallpaper\MyWallpaper\target\classes started by 12793 in C:\Users\12793\Desktop\MyWallpaper\MyWallpaper)
2025-07-24 14:00:11.076 [main] INFO  com.baicha.mywallpaper.MyWallpaperApplication - The following 1 profile is active: "dev"
2025-07-24 14:00:11.706 [main] INFO  o.s.d.r.config.RepositoryConfigurationDelegate - Multiple Spring Data modules found, entering strict repository configuration mode
2025-07-24 14:00:11.708 [main] INFO  o.s.d.r.config.RepositoryConfigurationDelegate - Bootstrapping Spring Data Redis repositories in DEFAULT mode.
2025-07-24 14:00:11.729 [main] INFO  o.s.d.r.config.RepositoryConfigurationDelegate - Finished Spring Data repository scanning in 9 ms. Found 0 Redis repository interfaces.
2025-07-24 14:00:12.202 [main] INFO  o.s.boot.web.embedded.tomcat.TomcatWebServer - Tomcat initialized with port 8088 (http)
2025-07-24 14:00:12.211 [main] INFO  org.apache.coyote.http11.Http11NioProtocol - Initializing ProtocolHandler ["http-nio-8088"]
2025-07-24 14:00:12.213 [main] INFO  org.apache.catalina.core.StandardService - Starting service [Tomcat]
2025-07-24 14:00:12.214 [main] INFO  org.apache.catalina.core.StandardEngine - Starting Servlet engine: [Apache Tomcat/10.1.42]
2025-07-24 14:00:12.268 [main] INFO  o.a.c.core.ContainerBase.[Tomcat].[localhost].[/] - Initializing Spring embedded WebApplicationContext
2025-07-24 14:00:12.268 [main] INFO  o.s.b.w.s.c.ServletWebServerApplicationContext - Root WebApplicationContext: initialization completed in 1155 ms
2025-07-24 14:00:13.246 [main] INFO  o.s.v.beanvalidation.OptionalValidatorFactoryBean - Failed to set up a Bean Validation provider: jakarta.validation.NoProviderFoundException: Unable to create a Configuration, because no Jakarta Bean Validation provider could be found. Add a provider like Hibernate Validator (RI) to your classpath.
2025-07-24 14:00:13.414 [main] INFO  c.b.m.e.spring.MybatisPlusApplicationContextAware - Register ApplicationContext instances org.springframework.boot.web.servlet.context.AnnotationConfigServletWebServerApplicationContext@12365c88
2025-07-24 14:00:13.571 [main] INFO  org.apache.coyote.http11.Http11NioProtocol - Starting ProtocolHandler ["http-nio-8088"]
2025-07-24 14:00:13.584 [main] INFO  o.s.boot.web.embedded.tomcat.TomcatWebServer - Tomcat started on port 8088 (http) with context path '/'
2025-07-24 14:00:13.592 [main] INFO  com.baicha.mywallpaper.MyWallpaperApplication - Started MyWallpaperApplication in 3.073 seconds (process running for 3.759)
2025-07-24 14:00:21.450 [http-nio-8088-exec-1] INFO  o.a.c.core.ContainerBase.[Tomcat].[localhost].[/] - Initializing Spring DispatcherServlet 'dispatcherServlet'
2025-07-24 14:00:21.451 [http-nio-8088-exec-1] INFO  org.springframework.web.servlet.DispatcherServlet - Initializing Servlet 'dispatcherServlet'
2025-07-24 14:00:21.452 [http-nio-8088-exec-1] INFO  org.springframework.web.servlet.DispatcherServlet - Completed initialization in 1 ms
2025-07-24 14:00:21.615 [http-nio-8088-exec-1] INFO  com.zaxxer.hikari.HikariDataSource - HikariPool-1 - Starting...
2025-07-24 14:00:21.883 [http-nio-8088-exec-1] INFO  com.zaxxer.hikari.pool.HikariPool - HikariPool-1 - Added connection com.mysql.cj.jdbc.ConnectionImpl@7b0bf726
2025-07-24 14:00:21.885 [http-nio-8088-exec-1] INFO  com.zaxxer.hikari.HikariDataSource - HikariPool-1 - Start completed.
2025-07-24 14:07:27.565 [SpringApplicationShutdownHook] INFO  o.s.boot.web.embedded.tomcat.GracefulShutdown - Commencing graceful shutdown. Waiting for active requests to complete
2025-07-24 14:07:27.813 [tomcat-shutdown] INFO  o.s.boot.web.embedded.tomcat.GracefulShutdown - Graceful shutdown complete
2025-07-24 14:07:27.947 [SpringApplicationShutdownHook] INFO  com.zaxxer.hikari.HikariDataSource - HikariPool-1 - Shutdown initiated...
2025-07-24 14:07:27.961 [SpringApplicationShutdownHook] INFO  com.zaxxer.hikari.HikariDataSource - HikariPool-1 - Shutdown completed.
2025-07-24 14:07:41.011 [main] INFO  com.baicha.mywallpaper.MyWallpaperApplication - Starting MyWallpaperApplication using Java 17.0.16 with PID 19684 (C:\Users\12793\Desktop\MyWallpaper\MyWallpaper\target\classes started by 12793 in C:\Users\12793\Desktop\MyWallpaper\MyWallpaper)
2025-07-24 14:07:41.013 [main] INFO  com.baicha.mywallpaper.MyWallpaperApplication - The following 1 profile is active: "dev"
2025-07-24 14:07:41.667 [main] INFO  o.s.d.r.config.RepositoryConfigurationDelegate - Multiple Spring Data modules found, entering strict repository configuration mode
2025-07-24 14:07:41.669 [main] INFO  o.s.d.r.config.RepositoryConfigurationDelegate - Bootstrapping Spring Data Redis repositories in DEFAULT mode.
2025-07-24 14:07:41.691 [main] INFO  o.s.d.r.config.RepositoryConfigurationDelegate - Finished Spring Data repository scanning in 10 ms. Found 0 Redis repository interfaces.
2025-07-24 14:07:42.209 [main] INFO  o.s.boot.web.embedded.tomcat.TomcatWebServer - Tomcat initialized with port 8088 (http)
2025-07-24 14:07:42.221 [main] INFO  org.apache.coyote.http11.Http11NioProtocol - Initializing ProtocolHandler ["http-nio-8088"]
2025-07-24 14:07:42.223 [main] INFO  org.apache.catalina.core.StandardService - Starting service [Tomcat]
2025-07-24 14:07:42.223 [main] INFO  org.apache.catalina.core.StandardEngine - Starting Servlet engine: [Apache Tomcat/10.1.42]
2025-07-24 14:07:42.290 [main] INFO  o.a.c.core.ContainerBase.[Tomcat].[localhost].[/] - Initializing Spring embedded WebApplicationContext
2025-07-24 14:07:42.290 [main] INFO  o.s.b.w.s.c.ServletWebServerApplicationContext - Root WebApplicationContext: initialization completed in 1241 ms
2025-07-24 14:07:43.393 [main] INFO  o.s.v.beanvalidation.OptionalValidatorFactoryBean - Failed to set up a Bean Validation provider: jakarta.validation.NoProviderFoundException: Unable to create a Configuration, because no Jakarta Bean Validation provider could be found. Add a provider like Hibernate Validator (RI) to your classpath.
2025-07-24 14:07:43.654 [main] INFO  c.b.m.e.spring.MybatisPlusApplicationContextAware - Register ApplicationContext instances org.springframework.boot.web.servlet.context.AnnotationConfigServletWebServerApplicationContext@6c44052e
2025-07-24 14:07:43.831 [main] INFO  org.apache.coyote.http11.Http11NioProtocol - Starting ProtocolHandler ["http-nio-8088"]
2025-07-24 14:07:43.847 [main] INFO  o.s.boot.web.embedded.tomcat.TomcatWebServer - Tomcat started on port 8088 (http) with context path '/'
2025-07-24 14:07:43.856 [main] INFO  com.baicha.mywallpaper.MyWallpaperApplication - Started MyWallpaperApplication in 3.46 seconds (process running for 4.128)
2025-07-24 14:07:57.926 [http-nio-8088-exec-1] INFO  o.a.c.core.ContainerBase.[Tomcat].[localhost].[/] - Initializing Spring DispatcherServlet 'dispatcherServlet'
2025-07-24 14:07:57.926 [http-nio-8088-exec-1] INFO  org.springframework.web.servlet.DispatcherServlet - Initializing Servlet 'dispatcherServlet'
2025-07-24 14:07:57.928 [http-nio-8088-exec-1] INFO  org.springframework.web.servlet.DispatcherServlet - Completed initialization in 1 ms
2025-07-24 14:07:58.714 [http-nio-8088-exec-8] INFO  org.springdoc.api.AbstractOpenApiResource - Init duration for springdoc-openapi is: 407 ms
2025-07-24 14:08:17.264 [SpringApplicationShutdownHook] INFO  o.s.boot.web.embedded.tomcat.GracefulShutdown - Commencing graceful shutdown. Waiting for active requests to complete
2025-07-24 14:08:17.691 [tomcat-shutdown] INFO  o.s.boot.web.embedded.tomcat.GracefulShutdown - Graceful shutdown complete
2025-07-24 14:11:03.116 [main] INFO  com.baicha.mywallpaper.MyWallpaperApplication - Starting MyWallpaperApplication using Java 17.0.16 with PID 12872 (C:\Users\12793\Desktop\MyWallpaper\MyWallpaper\target\classes started by 12793 in C:\Users\12793\Desktop\MyWallpaper\MyWallpaper)
2025-07-24 14:11:03.118 [main] INFO  com.baicha.mywallpaper.MyWallpaperApplication - The following 1 profile is active: "dev"
2025-07-24 14:11:03.882 [main] INFO  o.s.d.r.config.RepositoryConfigurationDelegate - Multiple Spring Data modules found, entering strict repository configuration mode
2025-07-24 14:11:03.884 [main] INFO  o.s.d.r.config.RepositoryConfigurationDelegate - Bootstrapping Spring Data Redis repositories in DEFAULT mode.
2025-07-24 14:11:03.906 [main] INFO  o.s.d.r.config.RepositoryConfigurationDelegate - Finished Spring Data repository scanning in 9 ms. Found 0 Redis repository interfaces.
2025-07-24 14:11:04.397 [main] INFO  o.s.boot.web.embedded.tomcat.TomcatWebServer - Tomcat initialized with port 8088 (http)
2025-07-24 14:11:04.407 [main] INFO  org.apache.coyote.http11.Http11NioProtocol - Initializing ProtocolHandler ["http-nio-8088"]
2025-07-24 14:11:04.409 [main] INFO  org.apache.catalina.core.StandardService - Starting service [Tomcat]
2025-07-24 14:11:04.409 [main] INFO  org.apache.catalina.core.StandardEngine - Starting Servlet engine: [Apache Tomcat/10.1.42]
2025-07-24 14:11:04.460 [main] INFO  o.a.c.core.ContainerBase.[Tomcat].[localhost].[/] - Initializing Spring embedded WebApplicationContext
2025-07-24 14:11:04.461 [main] INFO  o.s.b.w.s.c.ServletWebServerApplicationContext - Root WebApplicationContext: initialization completed in 1307 ms
2025-07-24 14:11:05.463 [main] INFO  o.s.v.beanvalidation.OptionalValidatorFactoryBean - Failed to set up a Bean Validation provider: jakarta.validation.NoProviderFoundException: Unable to create a Configuration, because no Jakarta Bean Validation provider could be found. Add a provider like Hibernate Validator (RI) to your classpath.
2025-07-24 14:11:05.629 [main] INFO  c.b.m.e.spring.MybatisPlusApplicationContextAware - Register ApplicationContext instances org.springframework.boot.web.servlet.context.AnnotationConfigServletWebServerApplicationContext@12365c88
2025-07-24 14:11:05.791 [main] INFO  org.apache.coyote.http11.Http11NioProtocol - Starting ProtocolHandler ["http-nio-8088"]
2025-07-24 14:11:05.805 [main] INFO  o.s.boot.web.embedded.tomcat.TomcatWebServer - Tomcat started on port 8088 (http) with context path '/'
2025-07-24 14:11:05.814 [main] INFO  com.baicha.mywallpaper.MyWallpaperApplication - Started MyWallpaperApplication in 3.207 seconds (process running for 3.791)
2025-07-24 14:11:08.260 [http-nio-8088-exec-1] INFO  o.a.c.core.ContainerBase.[Tomcat].[localhost].[/] - Initializing Spring DispatcherServlet 'dispatcherServlet'
2025-07-24 14:11:08.260 [http-nio-8088-exec-1] INFO  org.springframework.web.servlet.DispatcherServlet - Initializing Servlet 'dispatcherServlet'
2025-07-24 14:11:08.261 [http-nio-8088-exec-1] INFO  org.springframework.web.servlet.DispatcherServlet - Completed initialization in 1 ms
2025-07-24 14:11:08.353 [http-nio-8088-exec-1] INFO  com.zaxxer.hikari.HikariDataSource - HikariPool-1 - Starting...
2025-07-24 14:11:08.514 [http-nio-8088-exec-1] INFO  com.zaxxer.hikari.pool.HikariPool - HikariPool-1 - Added connection com.mysql.cj.jdbc.ConnectionImpl@a4e48b8
2025-07-24 14:11:08.516 [http-nio-8088-exec-1] INFO  com.zaxxer.hikari.HikariDataSource - HikariPool-1 - Start completed.
2025-07-24 14:11:19.595 [SpringApplicationShutdownHook] INFO  o.s.boot.web.embedded.tomcat.GracefulShutdown - Commencing graceful shutdown. Waiting for active requests to complete
2025-07-24 14:11:20.022 [tomcat-shutdown] INFO  o.s.boot.web.embedded.tomcat.GracefulShutdown - Graceful shutdown complete
2025-07-24 14:11:20.158 [SpringApplicationShutdownHook] INFO  com.zaxxer.hikari.HikariDataSource - HikariPool-1 - Shutdown initiated...
2025-07-24 14:11:20.174 [SpringApplicationShutdownHook] INFO  com.zaxxer.hikari.HikariDataSource - HikariPool-1 - Shutdown completed.
2025-07-24 17:16:15.654 [main] INFO  com.baicha.mywallpaper.MyWallpaperApplication - Starting MyWallpaperApplication using Java 17.0.16 with PID 13780 (C:\Users\12793\Desktop\MyWallpaper\MyWallpaper\target\classes started by 12793 in C:\Users\12793\Desktop\MyWallpaper\MyWallpaper)
2025-07-24 17:16:15.656 [main] INFO  com.baicha.mywallpaper.MyWallpaperApplication - The following 1 profile is active: "dev"
2025-07-24 17:16:16.495 [main] INFO  o.s.d.r.config.RepositoryConfigurationDelegate - Multiple Spring Data modules found, entering strict repository configuration mode
2025-07-24 17:16:16.499 [main] INFO  o.s.d.r.config.RepositoryConfigurationDelegate - Bootstrapping Spring Data Redis repositories in DEFAULT mode.
2025-07-24 17:16:16.532 [main] INFO  o.s.d.r.config.RepositoryConfigurationDelegate - Finished Spring Data repository scanning in 12 ms. Found 0 Redis repository interfaces.
2025-07-24 17:16:17.172 [main] INFO  o.s.boot.web.embedded.tomcat.TomcatWebServer - Tomcat initialized with port 8088 (http)
2025-07-24 17:16:17.183 [main] INFO  org.apache.coyote.http11.Http11NioProtocol - Initializing ProtocolHandler ["http-nio-8088"]
2025-07-24 17:16:17.184 [main] INFO  org.apache.catalina.core.StandardService - Starting service [Tomcat]
2025-07-24 17:16:17.186 [main] INFO  org.apache.catalina.core.StandardEngine - Starting Servlet engine: [Apache Tomcat/10.1.42]
2025-07-24 17:16:17.248 [main] INFO  o.a.c.core.ContainerBase.[Tomcat].[localhost].[/] - Initializing Spring embedded WebApplicationContext
2025-07-24 17:16:17.249 [main] INFO  o.s.b.w.s.c.ServletWebServerApplicationContext - Root WebApplicationContext: initialization completed in 1544 ms
2025-07-24 17:16:18.644 [main] INFO  o.s.v.beanvalidation.OptionalValidatorFactoryBean - Failed to set up a Bean Validation provider: jakarta.validation.NoProviderFoundException: Unable to create a Configuration, because no Jakarta Bean Validation provider could be found. Add a provider like Hibernate Validator (RI) to your classpath.
2025-07-24 17:16:18.901 [main] INFO  c.b.m.e.spring.MybatisPlusApplicationContextAware - Register ApplicationContext instances org.springframework.boot.web.servlet.context.AnnotationConfigServletWebServerApplicationContext@6c44052e
2025-07-24 17:16:19.125 [main] INFO  org.apache.coyote.http11.Http11NioProtocol - Starting ProtocolHandler ["http-nio-8088"]
2025-07-24 17:16:19.147 [main] INFO  o.s.boot.web.embedded.tomcat.TomcatWebServer - Tomcat started on port 8088 (http) with context path '/'
2025-07-24 17:16:19.158 [main] INFO  com.baicha.mywallpaper.MyWallpaperApplication - Started MyWallpaperApplication in 4.288 seconds (process running for 5.515)
2025-07-24 17:16:23.804 [http-nio-8088-exec-1] INFO  o.a.c.core.ContainerBase.[Tomcat].[localhost].[/] - Initializing Spring DispatcherServlet 'dispatcherServlet'
2025-07-24 17:16:23.805 [http-nio-8088-exec-1] INFO  org.springframework.web.servlet.DispatcherServlet - Initializing Servlet 'dispatcherServlet'
2025-07-24 17:16:23.806 [http-nio-8088-exec-1] INFO  org.springframework.web.servlet.DispatcherServlet - Completed initialization in 1 ms
2025-07-24 17:19:00.078 [SpringApplicationShutdownHook] INFO  o.s.boot.web.embedded.tomcat.GracefulShutdown - Commencing graceful shutdown. Waiting for active requests to complete
2025-07-24 17:19:00.305 [tomcat-shutdown] INFO  o.s.boot.web.embedded.tomcat.GracefulShutdown - Graceful shutdown complete
2025-07-24 17:24:57.884 [main] INFO  com.baicha.mywallpaper.MyWallpaperApplication - Starting MyWallpaperApplication using Java 17.0.16 with PID 29148 (C:\Users\12793\Desktop\MyWallpaper\MyWallpaper\target\classes started by 12793 in C:\Users\12793\Desktop\MyWallpaper\MyWallpaper)
2025-07-24 17:24:57.886 [main] INFO  com.baicha.mywallpaper.MyWallpaperApplication - The following 1 profile is active: "dev"
2025-07-24 17:24:58.527 [main] INFO  o.s.d.r.config.RepositoryConfigurationDelegate - Multiple Spring Data modules found, entering strict repository configuration mode
2025-07-24 17:24:58.529 [main] INFO  o.s.d.r.config.RepositoryConfigurationDelegate - Bootstrapping Spring Data Redis repositories in DEFAULT mode.
2025-07-24 17:24:58.553 [main] INFO  o.s.d.r.config.RepositoryConfigurationDelegate - Finished Spring Data repository scanning in 9 ms. Found 0 Redis repository interfaces.
2025-07-24 17:24:59.040 [main] INFO  o.s.boot.web.embedded.tomcat.TomcatWebServer - Tomcat initialized with port 8088 (http)
2025-07-24 17:24:59.050 [main] INFO  org.apache.coyote.http11.Http11NioProtocol - Initializing ProtocolHandler ["http-nio-8088"]
2025-07-24 17:24:59.051 [main] INFO  org.apache.catalina.core.StandardService - Starting service [Tomcat]
2025-07-24 17:24:59.051 [main] INFO  org.apache.catalina.core.StandardEngine - Starting Servlet engine: [Apache Tomcat/10.1.42]
2025-07-24 17:24:59.102 [main] INFO  o.a.c.core.ContainerBase.[Tomcat].[localhost].[/] - Initializing Spring embedded WebApplicationContext
2025-07-24 17:24:59.103 [main] INFO  o.s.b.w.s.c.ServletWebServerApplicationContext - Root WebApplicationContext: initialization completed in 1179 ms
2025-07-24 17:25:00.099 [main] INFO  o.s.v.beanvalidation.OptionalValidatorFactoryBean - Failed to set up a Bean Validation provider: jakarta.validation.NoProviderFoundException: Unable to create a Configuration, because no Jakarta Bean Validation provider could be found. Add a provider like Hibernate Validator (RI) to your classpath.
2025-07-24 17:25:00.269 [main] INFO  c.b.m.e.spring.MybatisPlusApplicationContextAware - Register ApplicationContext instances org.springframework.boot.web.servlet.context.AnnotationConfigServletWebServerApplicationContext@12365c88
2025-07-24 17:25:00.427 [main] INFO  org.apache.coyote.http11.Http11NioProtocol - Starting ProtocolHandler ["http-nio-8088"]
2025-07-24 17:25:00.442 [main] INFO  o.s.boot.web.embedded.tomcat.TomcatWebServer - Tomcat started on port 8088 (http) with context path '/'
2025-07-24 17:25:00.450 [main] INFO  com.baicha.mywallpaper.MyWallpaperApplication - Started MyWallpaperApplication in 3.099 seconds (process running for 3.697)
2025-07-24 17:25:08.396 [http-nio-8088-exec-2] INFO  o.a.c.core.ContainerBase.[Tomcat].[localhost].[/] - Initializing Spring DispatcherServlet 'dispatcherServlet'
2025-07-24 17:25:08.397 [http-nio-8088-exec-2] INFO  org.springframework.web.servlet.DispatcherServlet - Initializing Servlet 'dispatcherServlet'
2025-07-24 17:25:08.398 [http-nio-8088-exec-2] INFO  org.springframework.web.servlet.DispatcherServlet - Completed initialization in 1 ms
2025-07-24 17:30:33.088 [SpringApplicationShutdownHook] INFO  o.s.boot.web.embedded.tomcat.GracefulShutdown - Commencing graceful shutdown. Waiting for active requests to complete
2025-07-24 17:30:33.278 [tomcat-shutdown] INFO  o.s.boot.web.embedded.tomcat.GracefulShutdown - Graceful shutdown complete
2025-07-24 17:30:37.513 [main] INFO  com.baicha.mywallpaper.MyWallpaperApplication - Starting MyWallpaperApplication using Java 17.0.16 with PID 1888 (C:\Users\12793\Desktop\MyWallpaper\MyWallpaper\target\classes started by 12793 in C:\Users\12793\Desktop\MyWallpaper\MyWallpaper)
2025-07-24 17:30:37.514 [main] INFO  com.baicha.mywallpaper.MyWallpaperApplication - The following 1 profile is active: "dev"
2025-07-24 17:30:38.162 [main] INFO  o.s.d.r.config.RepositoryConfigurationDelegate - Multiple Spring Data modules found, entering strict repository configuration mode
2025-07-24 17:30:38.164 [main] INFO  o.s.d.r.config.RepositoryConfigurationDelegate - Bootstrapping Spring Data Redis repositories in DEFAULT mode.
2025-07-24 17:30:38.186 [main] INFO  o.s.d.r.config.RepositoryConfigurationDelegate - Finished Spring Data repository scanning in 10 ms. Found 0 Redis repository interfaces.
2025-07-24 17:30:38.667 [main] INFO  o.s.boot.web.embedded.tomcat.TomcatWebServer - Tomcat initialized with port 8088 (http)
2025-07-24 17:30:38.677 [main] INFO  org.apache.coyote.http11.Http11NioProtocol - Initializing ProtocolHandler ["http-nio-8088"]
2025-07-24 17:30:38.679 [main] INFO  org.apache.catalina.core.StandardService - Starting service [Tomcat]
2025-07-24 17:30:38.679 [main] INFO  org.apache.catalina.core.StandardEngine - Starting Servlet engine: [Apache Tomcat/10.1.42]
2025-07-24 17:30:38.730 [main] INFO  o.a.c.core.ContainerBase.[Tomcat].[localhost].[/] - Initializing Spring embedded WebApplicationContext
2025-07-24 17:30:38.730 [main] INFO  o.s.b.w.s.c.ServletWebServerApplicationContext - Root WebApplicationContext: initialization completed in 1177 ms
2025-07-24 17:30:39.704 [main] INFO  o.s.v.beanvalidation.OptionalValidatorFactoryBean - Failed to set up a Bean Validation provider: jakarta.validation.NoProviderFoundException: Unable to create a Configuration, because no Jakarta Bean Validation provider could be found. Add a provider like Hibernate Validator (RI) to your classpath.
2025-07-24 17:30:39.878 [main] INFO  c.b.m.e.spring.MybatisPlusApplicationContextAware - Register ApplicationContext instances org.springframework.boot.web.servlet.context.AnnotationConfigServletWebServerApplicationContext@12365c88
2025-07-24 17:30:40.033 [main] INFO  org.apache.coyote.http11.Http11NioProtocol - Starting ProtocolHandler ["http-nio-8088"]
2025-07-24 17:30:40.048 [main] INFO  o.s.boot.web.embedded.tomcat.TomcatWebServer - Tomcat started on port 8088 (http) with context path '/'
2025-07-24 17:30:40.057 [main] INFO  com.baicha.mywallpaper.MyWallpaperApplication - Started MyWallpaperApplication in 3.052 seconds (process running for 3.617)
2025-07-24 17:30:53.731 [http-nio-8088-exec-2] INFO  o.a.c.core.ContainerBase.[Tomcat].[localhost].[/] - Initializing Spring DispatcherServlet 'dispatcherServlet'
2025-07-24 17:30:53.731 [http-nio-8088-exec-2] INFO  org.springframework.web.servlet.DispatcherServlet - Initializing Servlet 'dispatcherServlet'
2025-07-24 17:30:53.732 [http-nio-8088-exec-2] INFO  org.springframework.web.servlet.DispatcherServlet - Completed initialization in 1 ms
2025-07-24 17:48:33.509 [SpringApplicationShutdownHook] INFO  o.s.boot.web.embedded.tomcat.GracefulShutdown - Commencing graceful shutdown. Waiting for active requests to complete
2025-07-24 17:48:33.695 [tomcat-shutdown] INFO  o.s.boot.web.embedded.tomcat.GracefulShutdown - Graceful shutdown complete
