2025-07-16 09:29:22.037 [main] WARN  c.b.mybatisplus.core.injector.DefaultSqlInjector - class com.baicha.mywallpaper.entity.Users ,Not found @TableId annotation, Cannot use Mybatis-Plus 'xxById' Method.
2025-07-16 09:44:27.809 [main] WARN  c.b.mybatisplus.core.injector.DefaultSqlInjector - class com.baicha.mywallpaper.entity.Users ,Not found @TableId annotation, Cannot use Mybatis-Plus 'xxById' Method.
2025-07-16 09:46:30.364 [main] WARN  c.b.mybatisplus.core.injector.DefaultSqlInjector - class com.baicha.mywallpaper.entity.Users ,Not found @TableId annotation, Cannot use Mybatis-Plus 'xxById' Method.
2025-07-16 09:47:15.200 [main] WARN  c.b.mybatisplus.core.injector.DefaultSqlInjector - class com.baicha.mywallpaper.entity.Users ,Not found @TableId annotation, Cannot use Mybatis-Plus 'xxById' Method.
2025-07-16 10:43:32.603 [main] WARN  c.b.mybatisplus.core.injector.DefaultSqlInjector - class com.baicha.mywallpaper.entity.Users ,Not found @TableId annotation, Cannot use Mybatis-Plus 'xxById' Method.
2025-07-16 10:56:47.802 [http-nio-8088-exec-6] WARN  o.s.w.s.m.support.DefaultHandlerExceptionResolver - Resolved [org.springframework.web.bind.MissingServletRequestParameterException: Required request parameter 'page' for method parameter type Integer is not present]
2025-07-16 10:56:50.973 [http-nio-8088-exec-8] WARN  o.s.w.s.m.support.DefaultHandlerExceptionResolver - Resolved [org.springframework.web.bind.MissingServletRequestParameterException: Required request parameter 'page' for method parameter type Integer is not present]
2025-07-16 10:57:03.101 [http-nio-8088-exec-5] WARN  o.s.w.s.m.support.DefaultHandlerExceptionResolver - Resolved [org.springframework.web.bind.MissingServletRequestParameterException: Required request parameter 'page' for method parameter type Integer is not present]
2025-07-16 10:57:06.916 [http-nio-8088-exec-1] WARN  o.s.w.s.m.support.DefaultHandlerExceptionResolver - Resolved [org.springframework.web.bind.MissingServletRequestParameterException: Required request parameter 'page' for method parameter type Integer is not present]
2025-07-16 10:57:11.179 [http-nio-8088-exec-2] WARN  o.s.w.s.m.support.DefaultHandlerExceptionResolver - Resolved [org.springframework.web.bind.MissingServletRequestParameterException: Required request parameter 'page' for method parameter type Integer is not present]
2025-07-16 10:57:14.456 [http-nio-8088-exec-4] WARN  o.s.w.s.m.support.DefaultHandlerExceptionResolver - Resolved [org.springframework.web.bind.MissingServletRequestParameterException: Required request parameter 'page' for method parameter type Integer is not present]
2025-07-16 11:20:28.618 [main] WARN  c.b.mybatisplus.core.injector.DefaultSqlInjector - class com.baicha.mywallpaper.entity.Users ,Not found @TableId annotation, Cannot use Mybatis-Plus 'xxById' Method.
2025-07-16 11:21:28.771 [main] WARN  c.b.mybatisplus.core.injector.DefaultSqlInjector - class com.baicha.mywallpaper.entity.Users ,Not found @TableId annotation, Cannot use Mybatis-Plus 'xxById' Method.
2025-07-16 11:34:35.086 [main] WARN  c.b.mybatisplus.core.injector.DefaultSqlInjector - class com.baicha.mywallpaper.entity.Users ,Not found @TableId annotation, Cannot use Mybatis-Plus 'xxById' Method.
2025-07-16 11:50:21.874 [http-nio-8088-exec-2] WARN  o.s.w.s.m.support.DefaultHandlerExceptionResolver - Ignoring exception, response committed already: org.springframework.http.converter.HttpMessageNotWritableException: No converter for [class com.baicha.mywallpaper.model.Respons] with preset Content-Type 'image/jpeg'
2025-07-16 11:50:21.874 [http-nio-8088-exec-2] WARN  o.s.w.s.m.support.DefaultHandlerExceptionResolver - Resolved [org.springframework.http.converter.HttpMessageNotWritableException: No converter for [class com.baicha.mywallpaper.model.Respons] with preset Content-Type 'image/jpeg']
2025-07-16 11:50:23.958 [http-nio-8088-exec-1] WARN  o.s.w.s.m.support.DefaultHandlerExceptionResolver - Ignoring exception, response committed already: org.springframework.http.converter.HttpMessageNotWritableException: No converter for [class com.baicha.mywallpaper.model.Respons] with preset Content-Type 'image/jpeg'
2025-07-16 11:50:23.958 [http-nio-8088-exec-1] WARN  o.s.w.s.m.support.DefaultHandlerExceptionResolver - Resolved [org.springframework.http.converter.HttpMessageNotWritableException: No converter for [class com.baicha.mywallpaper.model.Respons] with preset Content-Type 'image/jpeg']
2025-07-16 11:50:43.535 [http-nio-8088-exec-7] WARN  o.s.w.s.m.support.DefaultHandlerExceptionResolver - Ignoring exception, response committed already: org.springframework.http.converter.HttpMessageNotWritableException: No converter for [class com.baicha.mywallpaper.model.Respons] with preset Content-Type 'image/jpeg'
2025-07-16 11:50:43.536 [http-nio-8088-exec-7] WARN  o.s.w.s.m.support.DefaultHandlerExceptionResolver - Resolved [org.springframework.http.converter.HttpMessageNotWritableException: No converter for [class com.baicha.mywallpaper.model.Respons] with preset Content-Type 'image/jpeg']
2025-07-16 11:53:05.252 [http-nio-8088-exec-5] WARN  o.s.w.s.m.support.DefaultHandlerExceptionResolver - Ignoring exception, response committed already: org.springframework.http.converter.HttpMessageNotWritableException: No converter for [class com.baicha.mywallpaper.model.Respons] with preset Content-Type 'image/jpeg'
2025-07-16 11:53:05.252 [http-nio-8088-exec-5] WARN  o.s.w.s.m.support.DefaultHandlerExceptionResolver - Resolved [org.springframework.http.converter.HttpMessageNotWritableException: No converter for [class com.baicha.mywallpaper.model.Respons] with preset Content-Type 'image/jpeg']
2025-07-16 11:54:21.413 [http-nio-8088-exec-3] WARN  o.s.w.s.m.support.DefaultHandlerExceptionResolver - Ignoring exception, response committed already: org.springframework.http.converter.HttpMessageNotWritableException: No converter for [class com.baicha.mywallpaper.model.Respons] with preset Content-Type 'image/jpeg'
2025-07-16 11:54:21.413 [http-nio-8088-exec-3] WARN  o.s.w.s.m.support.DefaultHandlerExceptionResolver - Resolved [org.springframework.http.converter.HttpMessageNotWritableException: No converter for [class com.baicha.mywallpaper.model.Respons] with preset Content-Type 'image/jpeg']
2025-07-16 11:54:22.402 [http-nio-8088-exec-8] WARN  o.s.w.s.m.support.DefaultHandlerExceptionResolver - Ignoring exception, response committed already: org.springframework.http.converter.HttpMessageNotWritableException: No converter for [class com.baicha.mywallpaper.model.Respons] with preset Content-Type 'image/jpeg'
2025-07-16 11:54:22.402 [http-nio-8088-exec-8] WARN  o.s.w.s.m.support.DefaultHandlerExceptionResolver - Resolved [org.springframework.http.converter.HttpMessageNotWritableException: No converter for [class com.baicha.mywallpaper.model.Respons] with preset Content-Type 'image/jpeg']
2025-07-16 11:54:28.388 [http-nio-8088-exec-10] WARN  o.s.w.s.m.support.DefaultHandlerExceptionResolver - Ignoring exception, response committed already: org.springframework.http.converter.HttpMessageNotWritableException: No converter for [class com.baicha.mywallpaper.model.Respons] with preset Content-Type 'image/jpeg'
2025-07-16 11:54:28.388 [http-nio-8088-exec-10] WARN  o.s.w.s.m.support.DefaultHandlerExceptionResolver - Resolved [org.springframework.http.converter.HttpMessageNotWritableException: No converter for [class com.baicha.mywallpaper.model.Respons] with preset Content-Type 'image/jpeg']
2025-07-16 11:54:31.371 [http-nio-8088-exec-1] WARN  o.s.w.s.m.support.DefaultHandlerExceptionResolver - Ignoring exception, response committed already: org.springframework.http.converter.HttpMessageNotWritableException: No converter for [class com.baicha.mywallpaper.model.Respons] with preset Content-Type 'image/jpeg'
2025-07-16 11:54:31.371 [http-nio-8088-exec-1] WARN  o.s.w.s.m.support.DefaultHandlerExceptionResolver - Resolved [org.springframework.http.converter.HttpMessageNotWritableException: No converter for [class com.baicha.mywallpaper.model.Respons] with preset Content-Type 'image/jpeg']
2025-07-16 11:54:39.380 [http-nio-8088-exec-7] WARN  o.s.w.s.m.support.DefaultHandlerExceptionResolver - Ignoring exception, response committed already: org.springframework.http.converter.HttpMessageNotWritableException: No converter for [class com.baicha.mywallpaper.model.Respons] with preset Content-Type 'image/jpeg'
2025-07-16 11:54:39.381 [http-nio-8088-exec-7] WARN  o.s.w.s.m.support.DefaultHandlerExceptionResolver - Resolved [org.springframework.http.converter.HttpMessageNotWritableException: No converter for [class com.baicha.mywallpaper.model.Respons] with preset Content-Type 'image/jpeg']
2025-07-16 11:54:43.379 [http-nio-8088-exec-5] WARN  o.s.w.s.m.support.DefaultHandlerExceptionResolver - Ignoring exception, response committed already: org.springframework.http.converter.HttpMessageNotWritableException: No converter for [class com.baicha.mywallpaper.model.Respons] with preset Content-Type 'image/jpeg'
2025-07-16 11:54:43.380 [http-nio-8088-exec-5] WARN  o.s.w.s.m.support.DefaultHandlerExceptionResolver - Resolved [org.springframework.http.converter.HttpMessageNotWritableException: No converter for [class com.baicha.mywallpaper.model.Respons] with preset Content-Type 'image/jpeg']
2025-07-16 11:54:47.392 [http-nio-8088-exec-6] WARN  o.s.w.s.m.support.DefaultHandlerExceptionResolver - Ignoring exception, response committed already: org.springframework.http.converter.HttpMessageNotWritableException: No converter for [class com.baicha.mywallpaper.model.Respons] with preset Content-Type 'image/jpeg'
2025-07-16 11:54:47.392 [http-nio-8088-exec-6] WARN  o.s.w.s.m.support.DefaultHandlerExceptionResolver - Resolved [org.springframework.http.converter.HttpMessageNotWritableException: No converter for [class com.baicha.mywallpaper.model.Respons] with preset Content-Type 'image/jpeg']
2025-07-16 11:54:52.400 [http-nio-8088-exec-8] WARN  o.s.w.s.m.support.DefaultHandlerExceptionResolver - Ignoring exception, response committed already: org.springframework.http.converter.HttpMessageNotWritableException: No converter for [class com.baicha.mywallpaper.model.Respons] with preset Content-Type 'image/jpeg'
2025-07-16 11:54:52.401 [http-nio-8088-exec-8] WARN  o.s.w.s.m.support.DefaultHandlerExceptionResolver - Resolved [org.springframework.http.converter.HttpMessageNotWritableException: No converter for [class com.baicha.mywallpaper.model.Respons] with preset Content-Type 'image/jpeg']
2025-07-16 11:55:01.399 [http-nio-8088-exec-10] WARN  o.s.w.s.m.support.DefaultHandlerExceptionResolver - Ignoring exception, response committed already: org.springframework.http.converter.HttpMessageNotWritableException: No converter for [class com.baicha.mywallpaper.model.Respons] with preset Content-Type 'image/jpeg'
2025-07-16 11:55:01.400 [http-nio-8088-exec-10] WARN  o.s.w.s.m.support.DefaultHandlerExceptionResolver - Resolved [org.springframework.http.converter.HttpMessageNotWritableException: No converter for [class com.baicha.mywallpaper.model.Respons] with preset Content-Type 'image/jpeg']
2025-07-16 11:55:03.400 [http-nio-8088-exec-4] WARN  o.s.w.s.m.support.DefaultHandlerExceptionResolver - Ignoring exception, response committed already: org.springframework.http.converter.HttpMessageNotWritableException: No converter for [class com.baicha.mywallpaper.model.Respons] with preset Content-Type 'image/jpeg'
2025-07-16 11:55:03.400 [http-nio-8088-exec-4] WARN  o.s.w.s.m.support.DefaultHandlerExceptionResolver - Resolved [org.springframework.http.converter.HttpMessageNotWritableException: No converter for [class com.baicha.mywallpaper.model.Respons] with preset Content-Type 'image/jpeg']
2025-07-16 11:55:07.358 [http-nio-8088-exec-7] WARN  o.s.w.s.m.support.DefaultHandlerExceptionResolver - Ignoring exception, response committed already: org.springframework.http.converter.HttpMessageNotWritableException: No converter for [class com.baicha.mywallpaper.model.Respons] with preset Content-Type 'image/jpeg'
2025-07-16 11:55:07.358 [http-nio-8088-exec-7] WARN  o.s.w.s.m.support.DefaultHandlerExceptionResolver - Resolved [org.springframework.http.converter.HttpMessageNotWritableException: No converter for [class com.baicha.mywallpaper.model.Respons] with preset Content-Type 'image/jpeg']
2025-07-16 11:55:14.396 [http-nio-8088-exec-5] WARN  o.s.w.s.m.support.DefaultHandlerExceptionResolver - Ignoring exception, response committed already: org.springframework.http.converter.HttpMessageNotWritableException: No converter for [class com.baicha.mywallpaper.model.Respons] with preset Content-Type 'image/jpeg'
2025-07-16 11:55:14.397 [http-nio-8088-exec-5] WARN  o.s.w.s.m.support.DefaultHandlerExceptionResolver - Resolved [org.springframework.http.converter.HttpMessageNotWritableException: No converter for [class com.baicha.mywallpaper.model.Respons] with preset Content-Type 'image/jpeg']
2025-07-16 11:55:22.341 [http-nio-8088-exec-6] WARN  o.s.w.s.m.support.DefaultHandlerExceptionResolver - Ignoring exception, response committed already: org.springframework.http.converter.HttpMessageNotWritableException: No converter for [class com.baicha.mywallpaper.model.Respons] with preset Content-Type 'image/jpeg'
2025-07-16 11:55:22.341 [http-nio-8088-exec-6] WARN  o.s.w.s.m.support.DefaultHandlerExceptionResolver - Resolved [org.springframework.http.converter.HttpMessageNotWritableException: No converter for [class com.baicha.mywallpaper.model.Respons] with preset Content-Type 'image/jpeg']
2025-07-16 11:59:20.221 [http-nio-8088-exec-8] WARN  o.s.w.s.m.support.DefaultHandlerExceptionResolver - Ignoring exception, response committed already: org.springframework.http.converter.HttpMessageNotWritableException: No converter for [class com.baicha.mywallpaper.model.Respons] with preset Content-Type 'image/jpeg'
2025-07-16 11:59:20.222 [http-nio-8088-exec-8] WARN  o.s.w.s.m.support.DefaultHandlerExceptionResolver - Resolved [org.springframework.http.converter.HttpMessageNotWritableException: No converter for [class com.baicha.mywallpaper.model.Respons] with preset Content-Type 'image/jpeg']
2025-07-16 11:59:40.785 [http-nio-8088-exec-10] WARN  o.s.w.s.m.support.DefaultHandlerExceptionResolver - Ignoring exception, response committed already: org.springframework.http.converter.HttpMessageNotWritableException: No converter for [class com.baicha.mywallpaper.model.Respons] with preset Content-Type 'image/jpeg'
2025-07-16 11:59:40.786 [http-nio-8088-exec-10] WARN  o.s.w.s.m.support.DefaultHandlerExceptionResolver - Resolved [org.springframework.http.converter.HttpMessageNotWritableException: No converter for [class com.baicha.mywallpaper.model.Respons] with preset Content-Type 'image/jpeg']
2025-07-16 12:00:27.548 [http-nio-8088-exec-4] WARN  o.s.w.s.m.support.DefaultHandlerExceptionResolver - Ignoring exception, response committed already: org.springframework.http.converter.HttpMessageNotWritableException: No converter for [class com.baicha.mywallpaper.model.Respons] with preset Content-Type 'image/jpeg'
2025-07-16 12:00:27.548 [http-nio-8088-exec-4] WARN  o.s.w.s.m.support.DefaultHandlerExceptionResolver - Resolved [org.springframework.http.converter.HttpMessageNotWritableException: No converter for [class com.baicha.mywallpaper.model.Respons] with preset Content-Type 'image/jpeg']
2025-07-16 12:00:42.961 [http-nio-8088-exec-9] WARN  o.s.w.s.m.support.DefaultHandlerExceptionResolver - Ignoring exception, response committed already: org.springframework.http.converter.HttpMessageNotWritableException: No converter for [class com.baicha.mywallpaper.model.Respons] with preset Content-Type 'image/jpeg'
2025-07-16 12:00:42.961 [http-nio-8088-exec-9] WARN  o.s.w.s.m.support.DefaultHandlerExceptionResolver - Resolved [org.springframework.http.converter.HttpMessageNotWritableException: No converter for [class com.baicha.mywallpaper.model.Respons] with preset Content-Type 'image/jpeg']
2025-07-16 12:01:48.746 [http-nio-8088-exec-6] WARN  o.s.w.s.m.support.DefaultHandlerExceptionResolver - Ignoring exception, response committed already: org.springframework.http.converter.HttpMessageNotWritableException: No converter for [class com.baicha.mywallpaper.model.Respons] with preset Content-Type 'image/jpeg'
2025-07-16 12:01:48.746 [http-nio-8088-exec-6] WARN  o.s.w.s.m.support.DefaultHandlerExceptionResolver - Resolved [org.springframework.http.converter.HttpMessageNotWritableException: No converter for [class com.baicha.mywallpaper.model.Respons] with preset Content-Type 'image/jpeg']
2025-07-16 12:02:00.127 [http-nio-8088-exec-8] WARN  o.s.w.s.m.support.DefaultHandlerExceptionResolver - Ignoring exception, response committed already: org.springframework.http.converter.HttpMessageNotWritableException: No converter for [class com.baicha.mywallpaper.model.Respons] with preset Content-Type 'image/jpeg'
2025-07-16 12:02:00.128 [http-nio-8088-exec-8] WARN  o.s.w.s.m.support.DefaultHandlerExceptionResolver - Resolved [org.springframework.http.converter.HttpMessageNotWritableException: No converter for [class com.baicha.mywallpaper.model.Respons] with preset Content-Type 'image/jpeg']
2025-07-16 12:02:39.727 [http-nio-8088-exec-10] WARN  o.s.w.s.m.support.DefaultHandlerExceptionResolver - Ignoring exception, response committed already: org.springframework.http.converter.HttpMessageNotWritableException: No converter for [class com.baicha.mywallpaper.model.Respons] with preset Content-Type 'image/jpeg'
2025-07-16 12:02:39.728 [http-nio-8088-exec-10] WARN  o.s.w.s.m.support.DefaultHandlerExceptionResolver - Resolved [org.springframework.http.converter.HttpMessageNotWritableException: No converter for [class com.baicha.mywallpaper.model.Respons] with preset Content-Type 'image/jpeg']
2025-07-16 12:03:59.704 [http-nio-8088-exec-4] WARN  o.s.w.s.m.support.DefaultHandlerExceptionResolver - Ignoring exception, response committed already: org.springframework.http.converter.HttpMessageNotWritableException: No converter for [class com.baicha.mywallpaper.model.Respons] with preset Content-Type 'image/jpeg'
2025-07-16 12:03:59.704 [http-nio-8088-exec-4] WARN  o.s.w.s.m.support.DefaultHandlerExceptionResolver - Resolved [org.springframework.http.converter.HttpMessageNotWritableException: No converter for [class com.baicha.mywallpaper.model.Respons] with preset Content-Type 'image/jpeg']
2025-07-16 12:04:27.910 [http-nio-8088-exec-9] WARN  o.s.w.s.m.support.DefaultHandlerExceptionResolver - Ignoring exception, response committed already: org.springframework.http.converter.HttpMessageNotWritableException: No converter for [class com.baicha.mywallpaper.model.Respons] with preset Content-Type 'image/jpeg'
2025-07-16 12:04:27.910 [http-nio-8088-exec-9] WARN  o.s.w.s.m.support.DefaultHandlerExceptionResolver - Resolved [org.springframework.http.converter.HttpMessageNotWritableException: No converter for [class com.baicha.mywallpaper.model.Respons] with preset Content-Type 'image/jpeg']
2025-07-16 12:05:16.631 [http-nio-8088-exec-6] WARN  o.s.w.s.m.support.DefaultHandlerExceptionResolver - Ignoring exception, response committed already: org.springframework.http.converter.HttpMessageNotWritableException: No converter for [class com.baicha.mywallpaper.model.Respons] with preset Content-Type 'image/jpeg'
2025-07-16 12:05:16.632 [http-nio-8088-exec-6] WARN  o.s.w.s.m.support.DefaultHandlerExceptionResolver - Resolved [org.springframework.http.converter.HttpMessageNotWritableException: No converter for [class com.baicha.mywallpaper.model.Respons] with preset Content-Type 'image/jpeg']
2025-07-16 12:05:26.609 [http-nio-8088-exec-8] WARN  o.s.w.s.m.support.DefaultHandlerExceptionResolver - Ignoring exception, response committed already: org.springframework.http.converter.HttpMessageNotWritableException: No converter for [class com.baicha.mywallpaper.model.Respons] with preset Content-Type 'image/jpeg'
2025-07-16 12:05:26.610 [http-nio-8088-exec-8] WARN  o.s.w.s.m.support.DefaultHandlerExceptionResolver - Resolved [org.springframework.http.converter.HttpMessageNotWritableException: No converter for [class com.baicha.mywallpaper.model.Respons] with preset Content-Type 'image/jpeg']
2025-07-16 12:05:48.682 [http-nio-8088-exec-4] WARN  o.s.w.s.m.support.DefaultHandlerExceptionResolver - Ignoring exception, response committed already: org.springframework.http.converter.HttpMessageNotWritableException: No converter for [class com.baicha.mywallpaper.model.Respons] with preset Content-Type 'image/jpeg'
2025-07-16 12:05:48.683 [http-nio-8088-exec-4] WARN  o.s.w.s.m.support.DefaultHandlerExceptionResolver - Resolved [org.springframework.http.converter.HttpMessageNotWritableException: No converter for [class com.baicha.mywallpaper.model.Respons] with preset Content-Type 'image/jpeg']
2025-07-16 12:05:58.602 [http-nio-8088-exec-5] WARN  o.s.w.s.m.support.DefaultHandlerExceptionResolver - Ignoring exception, response committed already: org.springframework.http.converter.HttpMessageNotWritableException: No converter for [class com.baicha.mywallpaper.model.Respons] with preset Content-Type 'image/jpeg'
2025-07-16 12:05:58.603 [http-nio-8088-exec-5] WARN  o.s.w.s.m.support.DefaultHandlerExceptionResolver - Resolved [org.springframework.http.converter.HttpMessageNotWritableException: No converter for [class com.baicha.mywallpaper.model.Respons] with preset Content-Type 'image/jpeg']
2025-07-16 12:07:14.363 [http-nio-8088-exec-3] WARN  o.s.w.s.m.support.DefaultHandlerExceptionResolver - Ignoring exception, response committed already: org.springframework.http.converter.HttpMessageNotWritableException: No converter for [class com.baicha.mywallpaper.model.Respons] with preset Content-Type 'image/jpeg'
2025-07-16 12:07:14.364 [http-nio-8088-exec-3] WARN  o.s.w.s.m.support.DefaultHandlerExceptionResolver - Resolved [org.springframework.http.converter.HttpMessageNotWritableException: No converter for [class com.baicha.mywallpaper.model.Respons] with preset Content-Type 'image/jpeg']
2025-07-16 12:07:17.723 [http-nio-8088-exec-8] WARN  o.s.w.s.m.support.DefaultHandlerExceptionResolver - Ignoring exception, response committed already: org.springframework.http.converter.HttpMessageNotWritableException: No converter for [class com.baicha.mywallpaper.model.Respons] with preset Content-Type 'image/jpeg'
2025-07-16 12:07:17.723 [http-nio-8088-exec-8] WARN  o.s.w.s.m.support.DefaultHandlerExceptionResolver - Resolved [org.springframework.http.converter.HttpMessageNotWritableException: No converter for [class com.baicha.mywallpaper.model.Respons] with preset Content-Type 'image/jpeg']
2025-07-16 12:07:28.076 [http-nio-8088-exec-10] WARN  o.s.w.s.m.support.DefaultHandlerExceptionResolver - Ignoring exception, response committed already: org.springframework.http.converter.HttpMessageNotWritableException: No converter for [class com.baicha.mywallpaper.model.Respons] with preset Content-Type 'image/jpeg'
2025-07-16 12:07:28.076 [http-nio-8088-exec-10] WARN  o.s.w.s.m.support.DefaultHandlerExceptionResolver - Resolved [org.springframework.http.converter.HttpMessageNotWritableException: No converter for [class com.baicha.mywallpaper.model.Respons] with preset Content-Type 'image/jpeg']
2025-07-16 12:08:32.139 [http-nio-8088-exec-4] WARN  o.s.w.s.m.support.DefaultHandlerExceptionResolver - Ignoring exception, response committed already: org.springframework.http.converter.HttpMessageNotWritableException: No converter for [class com.baicha.mywallpaper.model.Respons] with preset Content-Type 'image/jpeg'
2025-07-16 12:08:32.139 [http-nio-8088-exec-4] WARN  o.s.w.s.m.support.DefaultHandlerExceptionResolver - Resolved [org.springframework.http.converter.HttpMessageNotWritableException: No converter for [class com.baicha.mywallpaper.model.Respons] with preset Content-Type 'image/jpeg']
2025-07-16 12:09:09.742 [http-nio-8088-exec-9] WARN  o.s.w.s.m.support.DefaultHandlerExceptionResolver - Ignoring exception, response committed already: org.springframework.http.converter.HttpMessageNotWritableException: No converter for [class com.baicha.mywallpaper.model.Respons] with preset Content-Type 'image/jpeg'
2025-07-16 12:09:09.742 [http-nio-8088-exec-9] WARN  o.s.w.s.m.support.DefaultHandlerExceptionResolver - Resolved [org.springframework.http.converter.HttpMessageNotWritableException: No converter for [class com.baicha.mywallpaper.model.Respons] with preset Content-Type 'image/jpeg']
2025-07-16 12:09:19.743 [http-nio-8088-exec-2] WARN  o.s.w.s.m.support.DefaultHandlerExceptionResolver - Ignoring exception, response committed already: org.springframework.http.converter.HttpMessageNotWritableException: No converter for [class com.baicha.mywallpaper.model.Respons] with preset Content-Type 'image/jpeg'
2025-07-16 12:09:19.744 [http-nio-8088-exec-2] WARN  o.s.w.s.m.support.DefaultHandlerExceptionResolver - Resolved [org.springframework.http.converter.HttpMessageNotWritableException: No converter for [class com.baicha.mywallpaper.model.Respons] with preset Content-Type 'image/jpeg']
2025-07-16 12:09:52.426 [http-nio-8088-exec-1] WARN  o.s.w.s.m.support.DefaultHandlerExceptionResolver - Resolved [org.springframework.web.HttpRequestMethodNotSupportedException: Request method 'GET' is not supported]
2025-07-16 12:11:36.681 [http-nio-8088-exec-9] WARN  o.s.w.s.m.support.DefaultHandlerExceptionResolver - Ignoring exception, response committed already: org.springframework.http.converter.HttpMessageNotWritableException: No converter for [class com.baicha.mywallpaper.model.Respons] with preset Content-Type 'image/jpeg'
2025-07-16 12:11:36.682 [http-nio-8088-exec-9] WARN  o.s.w.s.m.support.DefaultHandlerExceptionResolver - Resolved [org.springframework.http.converter.HttpMessageNotWritableException: No converter for [class com.baicha.mywallpaper.model.Respons] with preset Content-Type 'image/jpeg']
2025-07-16 12:12:31.927 [http-nio-8088-exec-2] WARN  o.s.w.s.m.support.DefaultHandlerExceptionResolver - Ignoring exception, response committed already: org.springframework.http.converter.HttpMessageNotWritableException: No converter for [class com.baicha.mywallpaper.model.Respons] with preset Content-Type 'image/jpeg'
2025-07-16 12:12:31.928 [http-nio-8088-exec-2] WARN  o.s.w.s.m.support.DefaultHandlerExceptionResolver - Resolved [org.springframework.http.converter.HttpMessageNotWritableException: No converter for [class com.baicha.mywallpaper.model.Respons] with preset Content-Type 'image/jpeg']
2025-07-16 12:12:42.439 [http-nio-8088-exec-7] WARN  o.s.w.s.m.support.DefaultHandlerExceptionResolver - Ignoring exception, response committed already: org.springframework.http.converter.HttpMessageNotWritableException: No converter for [class com.baicha.mywallpaper.model.Respons] with preset Content-Type 'image/jpeg'
2025-07-16 12:12:42.440 [http-nio-8088-exec-7] WARN  o.s.w.s.m.support.DefaultHandlerExceptionResolver - Resolved [org.springframework.http.converter.HttpMessageNotWritableException: No converter for [class com.baicha.mywallpaper.model.Respons] with preset Content-Type 'image/jpeg']
2025-07-16 12:13:33.172 [http-nio-8088-exec-6] WARN  o.s.w.s.m.support.DefaultHandlerExceptionResolver - Ignoring exception, response committed already: org.springframework.http.converter.HttpMessageNotWritableException: No converter for [class com.baicha.mywallpaper.model.Respons] with preset Content-Type 'image/jpeg'
2025-07-16 12:13:33.172 [http-nio-8088-exec-6] WARN  o.s.w.s.m.support.DefaultHandlerExceptionResolver - Resolved [org.springframework.http.converter.HttpMessageNotWritableException: No converter for [class com.baicha.mywallpaper.model.Respons] with preset Content-Type 'image/jpeg']
2025-07-16 12:13:38.087 [http-nio-8088-exec-2] WARN  o.s.w.s.m.support.DefaultHandlerExceptionResolver - Ignoring exception, response committed already: org.springframework.http.converter.HttpMessageNotWritableException: No converter for [class com.baicha.mywallpaper.model.Respons] with preset Content-Type 'image/jpeg'
2025-07-16 12:13:38.087 [http-nio-8088-exec-2] WARN  o.s.w.s.m.support.DefaultHandlerExceptionResolver - Resolved [org.springframework.http.converter.HttpMessageNotWritableException: No converter for [class com.baicha.mywallpaper.model.Respons] with preset Content-Type 'image/jpeg']
2025-07-16 12:13:59.367 [http-nio-8088-exec-7] WARN  o.s.w.s.m.support.DefaultHandlerExceptionResolver - Ignoring exception, response committed already: org.springframework.http.converter.HttpMessageNotWritableException: No converter for [class com.baicha.mywallpaper.model.Respons] with preset Content-Type 'image/jpeg'
2025-07-16 12:13:59.367 [http-nio-8088-exec-7] WARN  o.s.w.s.m.support.DefaultHandlerExceptionResolver - Resolved [org.springframework.http.converter.HttpMessageNotWritableException: No converter for [class com.baicha.mywallpaper.model.Respons] with preset Content-Type 'image/jpeg']
2025-07-16 12:14:40.290 [http-nio-8088-exec-8] WARN  o.s.w.s.m.support.DefaultHandlerExceptionResolver - Ignoring exception, response committed already: org.springframework.http.converter.HttpMessageNotWritableException: No converter for [class com.baicha.mywallpaper.model.Respons] with preset Content-Type 'image/jpeg'
2025-07-16 12:14:40.290 [http-nio-8088-exec-8] WARN  o.s.w.s.m.support.DefaultHandlerExceptionResolver - Resolved [org.springframework.http.converter.HttpMessageNotWritableException: No converter for [class com.baicha.mywallpaper.model.Respons] with preset Content-Type 'image/jpeg']
2025-07-16 12:14:50.511 [http-nio-8088-exec-1] WARN  o.s.w.s.m.support.DefaultHandlerExceptionResolver - Ignoring exception, response committed already: org.springframework.http.converter.HttpMessageNotWritableException: No converter for [class com.baicha.mywallpaper.model.Respons] with preset Content-Type 'image/jpeg'
2025-07-16 12:14:50.512 [http-nio-8088-exec-1] WARN  o.s.w.s.m.support.DefaultHandlerExceptionResolver - Resolved [org.springframework.http.converter.HttpMessageNotWritableException: No converter for [class com.baicha.mywallpaper.model.Respons] with preset Content-Type 'image/jpeg']
2025-07-16 12:40:23.521 [HikariPool-1:housekeeper] WARN  com.zaxxer.hikari.pool.HikariPool - HikariPool-1 - Thread starvation or clock leap detected (housekeeper delta=24m7s868ms681µs200ns).
2025-07-16 12:40:35.625 [http-nio-8088-exec-5] WARN  o.s.w.s.m.support.DefaultHandlerExceptionResolver - Ignoring exception, response committed already: org.springframework.http.converter.HttpMessageNotWritableException: No converter for [class com.baicha.mywallpaper.model.Respons] with preset Content-Type 'image/jpeg'
2025-07-16 12:40:35.625 [http-nio-8088-exec-5] WARN  o.s.w.s.m.support.DefaultHandlerExceptionResolver - Resolved [org.springframework.http.converter.HttpMessageNotWritableException: No converter for [class com.baicha.mywallpaper.model.Respons] with preset Content-Type 'image/jpeg']
2025-07-16 12:43:52.401 [http-nio-8088-exec-4] WARN  o.s.w.s.m.support.DefaultHandlerExceptionResolver - Ignoring exception, response committed already: org.springframework.http.converter.HttpMessageNotWritableException: No converter for [class com.baicha.mywallpaper.model.Respons] with preset Content-Type 'image/jpeg'
2025-07-16 12:43:52.401 [http-nio-8088-exec-4] WARN  o.s.w.s.m.support.DefaultHandlerExceptionResolver - Resolved [org.springframework.http.converter.HttpMessageNotWritableException: No converter for [class com.baicha.mywallpaper.model.Respons] with preset Content-Type 'image/jpeg']
2025-07-16 12:46:23.970 [http-nio-8088-exec-4] WARN  o.s.w.s.m.support.DefaultHandlerExceptionResolver - Ignoring exception, response committed already: org.springframework.http.converter.HttpMessageNotWritableException: No converter for [class com.baicha.mywallpaper.model.Respons] with preset Content-Type 'image/jpeg'
2025-07-16 12:46:23.971 [http-nio-8088-exec-4] WARN  o.s.w.s.m.support.DefaultHandlerExceptionResolver - Resolved [org.springframework.http.converter.HttpMessageNotWritableException: No converter for [class com.baicha.mywallpaper.model.Respons] with preset Content-Type 'image/jpeg']
2025-07-16 12:46:36.580 [http-nio-8088-exec-9] WARN  o.s.w.s.m.support.DefaultHandlerExceptionResolver - Ignoring exception, response committed already: org.springframework.http.converter.HttpMessageNotWritableException: No converter for [class com.baicha.mywallpaper.model.Respons] with preset Content-Type 'image/jpeg'
2025-07-16 12:46:36.580 [http-nio-8088-exec-9] WARN  o.s.w.s.m.support.DefaultHandlerExceptionResolver - Resolved [org.springframework.http.converter.HttpMessageNotWritableException: No converter for [class com.baicha.mywallpaper.model.Respons] with preset Content-Type 'image/jpeg']
2025-07-16 12:49:18.554 [HikariPool-1:housekeeper] WARN  com.zaxxer.hikari.pool.HikariPool - HikariPool-1 - Thread starvation or clock leap detected (housekeeper delta=2m22s108ms164µs600ns).
2025-07-16 12:49:18.568 [http-nio-8088-exec-4] WARN  o.s.w.s.m.support.DefaultHandlerExceptionResolver - Ignoring exception, response committed already: org.springframework.http.converter.HttpMessageNotWritableException: No converter for [class com.baicha.mywallpaper.model.Respons] with preset Content-Type 'image/jpeg'
2025-07-16 12:49:18.568 [http-nio-8088-exec-10] WARN  o.s.w.s.m.support.DefaultHandlerExceptionResolver - Ignoring exception, response committed already: org.springframework.http.converter.HttpMessageNotWritableException: No converter for [class com.baicha.mywallpaper.model.Respons] with preset Content-Type 'image/jpeg'
2025-07-16 12:49:18.569 [http-nio-8088-exec-4] WARN  o.s.w.s.m.support.DefaultHandlerExceptionResolver - Resolved [org.springframework.http.converter.HttpMessageNotWritableException: No converter for [class com.baicha.mywallpaper.model.Respons] with preset Content-Type 'image/jpeg']
2025-07-16 12:49:18.569 [http-nio-8088-exec-10] WARN  o.s.w.s.m.support.DefaultHandlerExceptionResolver - Resolved [org.springframework.http.converter.HttpMessageNotWritableException: No converter for [class com.baicha.mywallpaper.model.Respons] with preset Content-Type 'image/jpeg']
2025-07-16 12:49:25.135 [http-nio-8088-exec-6] WARN  o.s.w.s.m.support.DefaultHandlerExceptionResolver - Ignoring exception, response committed already: org.springframework.http.converter.HttpMessageNotWritableException: No converter for [class com.baicha.mywallpaper.model.Respons] with preset Content-Type 'image/jpeg'
2025-07-16 12:49:25.135 [http-nio-8088-exec-6] WARN  o.s.w.s.m.support.DefaultHandlerExceptionResolver - Resolved [org.springframework.http.converter.HttpMessageNotWritableException: No converter for [class com.baicha.mywallpaper.model.Respons] with preset Content-Type 'image/jpeg']
2025-07-16 12:49:37.982 [http-nio-8088-exec-4] WARN  o.s.w.s.m.support.DefaultHandlerExceptionResolver - Ignoring exception, response committed already: org.springframework.http.converter.HttpMessageNotWritableException: No converter for [class com.baicha.mywallpaper.model.Respons] with preset Content-Type 'image/jpeg'
2025-07-16 12:49:37.983 [http-nio-8088-exec-4] WARN  o.s.w.s.m.support.DefaultHandlerExceptionResolver - Resolved [org.springframework.http.converter.HttpMessageNotWritableException: No converter for [class com.baicha.mywallpaper.model.Respons] with preset Content-Type 'image/jpeg']
2025-07-16 12:50:51.084 [http-nio-8088-exec-6] WARN  o.s.w.s.m.support.DefaultHandlerExceptionResolver - Ignoring exception, response committed already: org.springframework.http.converter.HttpMessageNotWritableException: No converter for [class com.baicha.mywallpaper.model.Respons] with preset Content-Type 'image/jpeg'
2025-07-16 12:50:51.085 [http-nio-8088-exec-6] WARN  o.s.w.s.m.support.DefaultHandlerExceptionResolver - Resolved [org.springframework.http.converter.HttpMessageNotWritableException: No converter for [class com.baicha.mywallpaper.model.Respons] with preset Content-Type 'image/jpeg']
2025-07-16 12:51:22.144 [http-nio-8088-exec-9] WARN  o.s.w.s.m.support.DefaultHandlerExceptionResolver - Ignoring exception, response committed already: org.springframework.http.converter.HttpMessageNotWritableException: No converter for [class com.baicha.mywallpaper.model.Respons] with preset Content-Type 'image/jpeg'
2025-07-16 12:51:22.144 [http-nio-8088-exec-9] WARN  o.s.w.s.m.support.DefaultHandlerExceptionResolver - Resolved [org.springframework.http.converter.HttpMessageNotWritableException: No converter for [class com.baicha.mywallpaper.model.Respons] with preset Content-Type 'image/jpeg']
2025-07-16 12:52:56.459 [http-nio-8088-exec-2] WARN  o.s.w.s.m.support.DefaultHandlerExceptionResolver - Ignoring exception, response committed already: org.springframework.http.converter.HttpMessageNotWritableException: No converter for [class com.baicha.mywallpaper.model.Respons] with preset Content-Type 'image/jpeg'
2025-07-16 12:52:56.460 [http-nio-8088-exec-2] WARN  o.s.w.s.m.support.DefaultHandlerExceptionResolver - Resolved [org.springframework.http.converter.HttpMessageNotWritableException: No converter for [class com.baicha.mywallpaper.model.Respons] with preset Content-Type 'image/jpeg']
2025-07-16 12:55:15.784 [http-nio-8088-exec-10] WARN  o.s.w.s.m.support.DefaultHandlerExceptionResolver - Ignoring exception, response committed already: org.springframework.http.converter.HttpMessageNotWritableException: No converter for [class com.baicha.mywallpaper.model.Respons] with preset Content-Type 'image/jpeg'
2025-07-16 12:55:15.784 [http-nio-8088-exec-10] WARN  o.s.w.s.m.support.DefaultHandlerExceptionResolver - Resolved [org.springframework.http.converter.HttpMessageNotWritableException: No converter for [class com.baicha.mywallpaper.model.Respons] with preset Content-Type 'image/jpeg']
2025-07-16 12:55:48.648 [http-nio-8088-exec-10] WARN  o.s.w.s.m.support.DefaultHandlerExceptionResolver - Ignoring exception, response committed already: org.springframework.http.converter.HttpMessageNotWritableException: No converter for [class com.baicha.mywallpaper.model.Respons] with preset Content-Type 'image/jpeg'
2025-07-16 12:55:48.648 [http-nio-8088-exec-10] WARN  o.s.w.s.m.support.DefaultHandlerExceptionResolver - Resolved [org.springframework.http.converter.HttpMessageNotWritableException: No converter for [class com.baicha.mywallpaper.model.Respons] with preset Content-Type 'image/jpeg']
2025-07-16 12:58:10.288 [http-nio-8088-exec-8] WARN  o.s.w.s.m.support.DefaultHandlerExceptionResolver - Ignoring exception, response committed already: org.springframework.http.converter.HttpMessageNotWritableException: No converter for [class com.baicha.mywallpaper.model.Respons] with preset Content-Type 'image/jpeg'
2025-07-16 12:58:10.289 [http-nio-8088-exec-8] WARN  o.s.w.s.m.support.DefaultHandlerExceptionResolver - Resolved [org.springframework.http.converter.HttpMessageNotWritableException: No converter for [class com.baicha.mywallpaper.model.Respons] with preset Content-Type 'image/jpeg']
2025-07-16 12:59:34.520 [http-nio-8088-exec-9] WARN  o.s.w.s.m.support.DefaultHandlerExceptionResolver - Ignoring exception, response committed already: org.springframework.http.converter.HttpMessageNotWritableException: No converter for [class com.baicha.mywallpaper.model.Respons] with preset Content-Type 'image/jpeg'
2025-07-16 12:59:34.521 [http-nio-8088-exec-9] WARN  o.s.w.s.m.support.DefaultHandlerExceptionResolver - Resolved [org.springframework.http.converter.HttpMessageNotWritableException: No converter for [class com.baicha.mywallpaper.model.Respons] with preset Content-Type 'image/jpeg']
2025-07-16 13:00:03.212 [http-nio-8088-exec-2] WARN  o.s.w.s.m.support.DefaultHandlerExceptionResolver - Ignoring exception, response committed already: org.springframework.http.converter.HttpMessageNotWritableException: No converter for [class com.baicha.mywallpaper.model.Respons] with preset Content-Type 'image/jpeg'
2025-07-16 13:00:03.212 [http-nio-8088-exec-2] WARN  o.s.w.s.m.support.DefaultHandlerExceptionResolver - Resolved [org.springframework.http.converter.HttpMessageNotWritableException: No converter for [class com.baicha.mywallpaper.model.Respons] with preset Content-Type 'image/jpeg']
2025-07-16 13:00:08.051 [http-nio-8088-exec-5] WARN  o.s.w.s.m.support.DefaultHandlerExceptionResolver - Ignoring exception, response committed already: org.springframework.http.converter.HttpMessageNotWritableException: No converter for [class com.baicha.mywallpaper.model.Respons] with preset Content-Type 'image/jpeg'
2025-07-16 13:00:08.051 [http-nio-8088-exec-5] WARN  o.s.w.s.m.support.DefaultHandlerExceptionResolver - Resolved [org.springframework.http.converter.HttpMessageNotWritableException: No converter for [class com.baicha.mywallpaper.model.Respons] with preset Content-Type 'image/jpeg']
2025-07-16 13:00:45.120 [http-nio-8088-exec-3] WARN  o.s.w.s.m.support.DefaultHandlerExceptionResolver - Ignoring exception, response committed already: org.springframework.http.converter.HttpMessageNotWritableException: No converter for [class com.baicha.mywallpaper.model.Respons] with preset Content-Type 'image/jpeg'
2025-07-16 13:00:45.122 [http-nio-8088-exec-3] WARN  o.s.w.s.m.support.DefaultHandlerExceptionResolver - Resolved [org.springframework.http.converter.HttpMessageNotWritableException: No converter for [class com.baicha.mywallpaper.model.Respons] with preset Content-Type 'image/jpeg']
2025-07-16 13:01:14.479 [http-nio-8088-exec-4] WARN  o.s.w.s.m.support.DefaultHandlerExceptionResolver - Ignoring exception, response committed already: org.springframework.http.converter.HttpMessageNotWritableException: No converter for [class com.baicha.mywallpaper.model.Respons] with preset Content-Type 'image/jpeg'
2025-07-16 13:01:14.479 [http-nio-8088-exec-4] WARN  o.s.w.s.m.support.DefaultHandlerExceptionResolver - Resolved [org.springframework.http.converter.HttpMessageNotWritableException: No converter for [class com.baicha.mywallpaper.model.Respons] with preset Content-Type 'image/jpeg']
2025-07-16 13:01:18.589 [http-nio-8088-exec-2] WARN  o.s.w.s.m.support.DefaultHandlerExceptionResolver - Ignoring exception, response committed already: org.springframework.http.converter.HttpMessageNotWritableException: No converter for [class com.baicha.mywallpaper.model.Respons] with preset Content-Type 'image/jpeg'
2025-07-16 13:01:18.590 [http-nio-8088-exec-2] WARN  o.s.w.s.m.support.DefaultHandlerExceptionResolver - Resolved [org.springframework.http.converter.HttpMessageNotWritableException: No converter for [class com.baicha.mywallpaper.model.Respons] with preset Content-Type 'image/jpeg']
2025-07-16 13:01:37.286 [http-nio-8088-exec-6] WARN  o.s.w.s.m.support.DefaultHandlerExceptionResolver - Ignoring exception, response committed already: org.springframework.http.converter.HttpMessageNotWritableException: No converter for [class com.baicha.mywallpaper.model.Respons] with preset Content-Type 'image/jpeg'
2025-07-16 13:01:37.286 [http-nio-8088-exec-6] WARN  o.s.w.s.m.support.DefaultHandlerExceptionResolver - Resolved [org.springframework.http.converter.HttpMessageNotWritableException: No converter for [class com.baicha.mywallpaper.model.Respons] with preset Content-Type 'image/jpeg']
2025-07-16 13:01:42.737 [http-nio-8088-exec-5] WARN  o.s.w.s.m.support.DefaultHandlerExceptionResolver - Ignoring exception, response committed already: org.springframework.http.converter.HttpMessageNotWritableException: No converter for [class com.baicha.mywallpaper.model.Respons] with preset Content-Type 'image/jpeg'
2025-07-16 13:01:42.738 [http-nio-8088-exec-5] WARN  o.s.w.s.m.support.DefaultHandlerExceptionResolver - Resolved [org.springframework.http.converter.HttpMessageNotWritableException: No converter for [class com.baicha.mywallpaper.model.Respons] with preset Content-Type 'image/jpeg']
2025-07-16 13:01:46.142 [http-nio-8088-exec-9] WARN  o.s.w.s.m.support.DefaultHandlerExceptionResolver - Ignoring exception, response committed already: org.springframework.http.converter.HttpMessageNotWritableException: No converter for [class com.baicha.mywallpaper.model.Respons] with preset Content-Type 'image/jpeg'
2025-07-16 13:01:46.142 [http-nio-8088-exec-9] WARN  o.s.w.s.m.support.DefaultHandlerExceptionResolver - Resolved [org.springframework.http.converter.HttpMessageNotWritableException: No converter for [class com.baicha.mywallpaper.model.Respons] with preset Content-Type 'image/jpeg']
2025-07-16 13:02:11.887 [http-nio-8088-exec-10] WARN  o.s.w.s.m.support.DefaultHandlerExceptionResolver - Ignoring exception, response committed already: org.springframework.http.converter.HttpMessageNotWritableException: No converter for [class com.baicha.mywallpaper.model.Respons] with preset Content-Type 'image/jpeg'
2025-07-16 13:02:11.887 [http-nio-8088-exec-10] WARN  o.s.w.s.m.support.DefaultHandlerExceptionResolver - Resolved [org.springframework.http.converter.HttpMessageNotWritableException: No converter for [class com.baicha.mywallpaper.model.Respons] with preset Content-Type 'image/jpeg']
2025-07-16 13:05:30.280 [http-nio-8088-exec-5] WARN  o.s.w.s.m.support.DefaultHandlerExceptionResolver - Ignoring exception, response committed already: org.springframework.http.converter.HttpMessageNotWritableException: No converter for [class com.baicha.mywallpaper.model.Respons] with preset Content-Type 'application/octet-stream'
2025-07-16 13:05:30.280 [http-nio-8088-exec-5] WARN  o.s.w.s.m.support.DefaultHandlerExceptionResolver - Resolved [org.springframework.http.converter.HttpMessageNotWritableException: No converter for [class com.baicha.mywallpaper.model.Respons] with preset Content-Type 'application/octet-stream']
2025-07-16 13:07:00.431 [http-nio-8088-exec-1] WARN  o.s.w.s.m.support.DefaultHandlerExceptionResolver - Ignoring exception, response committed already: org.springframework.http.converter.HttpMessageNotWritableException: No converter for [class com.baicha.mywallpaper.model.Respons] with preset Content-Type 'application/octet-stream'
2025-07-16 13:07:00.431 [http-nio-8088-exec-1] WARN  o.s.w.s.m.support.DefaultHandlerExceptionResolver - Resolved [org.springframework.http.converter.HttpMessageNotWritableException: No converter for [class com.baicha.mywallpaper.model.Respons] with preset Content-Type 'application/octet-stream']
2025-07-16 13:10:54.258 [main] WARN  c.b.mybatisplus.core.injector.DefaultSqlInjector - class com.baicha.mywallpaper.entity.Users ,Not found @TableId annotation, Cannot use Mybatis-Plus 'xxById' Method.
2025-07-16 13:14:34.798 [main] WARN  c.b.mybatisplus.core.injector.DefaultSqlInjector - class com.baicha.mywallpaper.entity.Users ,Not found @TableId annotation, Cannot use Mybatis-Plus 'xxById' Method.
2025-07-16 13:24:05.652 [http-nio-8088-exec-5] WARN  o.s.w.s.m.support.DefaultHandlerExceptionResolver - Ignoring exception, response committed already: org.springframework.http.converter.HttpMessageNotWritableException: No converter for [class com.baicha.mywallpaper.model.Respons] with preset Content-Type 'image/jpeg'
2025-07-16 13:24:05.653 [http-nio-8088-exec-5] WARN  o.s.w.s.m.support.DefaultHandlerExceptionResolver - Resolved [org.springframework.http.converter.HttpMessageNotWritableException: No converter for [class com.baicha.mywallpaper.model.Respons] with preset Content-Type 'image/jpeg']
2025-07-16 13:26:02.915 [http-nio-8088-exec-1] WARN  o.s.w.s.m.support.DefaultHandlerExceptionResolver - Ignoring exception, response committed already: org.springframework.http.converter.HttpMessageNotWritableException: No converter for [class com.baicha.mywallpaper.model.Respons] with preset Content-Type 'image/jpeg'
2025-07-16 13:26:02.915 [http-nio-8088-exec-1] WARN  o.s.w.s.m.support.DefaultHandlerExceptionResolver - Resolved [org.springframework.http.converter.HttpMessageNotWritableException: No converter for [class com.baicha.mywallpaper.model.Respons] with preset Content-Type 'image/jpeg']
2025-07-16 13:32:18.616 [http-nio-8088-exec-3] WARN  o.s.w.s.m.support.DefaultHandlerExceptionResolver - Resolved [org.springframework.web.bind.MissingServletRequestParameterException: Required request parameter 'page' for method parameter type Integer is not present]
2025-07-16 13:32:18.926 [http-nio-8088-exec-4] WARN  o.s.w.s.m.support.DefaultHandlerExceptionResolver - Resolved [org.springframework.web.bind.MissingServletRequestParameterException: Required request parameter 'page' for method parameter type Integer is not present]
2025-07-16 13:33:16.907 [http-nio-8088-exec-3] WARN  o.s.w.s.m.support.DefaultHandlerExceptionResolver - Ignoring exception, response committed already: org.springframework.http.converter.HttpMessageNotWritableException: No converter for [class com.baicha.mywallpaper.model.Respons] with preset Content-Type 'image/jpeg'
2025-07-16 13:33:16.909 [http-nio-8088-exec-3] WARN  o.s.w.s.m.support.DefaultHandlerExceptionResolver - Resolved [org.springframework.http.converter.HttpMessageNotWritableException: No converter for [class com.baicha.mywallpaper.model.Respons] with preset Content-Type 'image/jpeg']
2025-07-16 13:34:57.359 [http-nio-8088-exec-2] WARN  o.s.w.s.m.support.DefaultHandlerExceptionResolver - Ignoring exception, response committed already: org.springframework.http.converter.HttpMessageNotWritableException: No converter for [class com.baicha.mywallpaper.model.Respons] with preset Content-Type 'image/jpeg'
2025-07-16 13:34:57.359 [http-nio-8088-exec-2] WARN  o.s.w.s.m.support.DefaultHandlerExceptionResolver - Resolved [org.springframework.http.converter.HttpMessageNotWritableException: No converter for [class com.baicha.mywallpaper.model.Respons] with preset Content-Type 'image/jpeg']
2025-07-16 13:35:04.489 [http-nio-8088-exec-3] WARN  o.s.w.s.m.support.DefaultHandlerExceptionResolver - Ignoring exception, response committed already: org.springframework.http.converter.HttpMessageNotWritableException: No converter for [class com.baicha.mywallpaper.model.Respons] with preset Content-Type 'image/jpeg'
2025-07-16 13:35:04.490 [http-nio-8088-exec-3] WARN  o.s.w.s.m.support.DefaultHandlerExceptionResolver - Resolved [org.springframework.http.converter.HttpMessageNotWritableException: No converter for [class com.baicha.mywallpaper.model.Respons] with preset Content-Type 'image/jpeg']
2025-07-16 13:40:29.581 [http-nio-8088-exec-10] WARN  o.s.w.s.m.support.DefaultHandlerExceptionResolver - Ignoring exception, response committed already: org.springframework.http.converter.HttpMessageNotWritableException: No converter for [class com.baicha.mywallpaper.model.Respons] with preset Content-Type 'image/jpeg'
2025-07-16 13:40:29.581 [http-nio-8088-exec-10] WARN  o.s.w.s.m.support.DefaultHandlerExceptionResolver - Resolved [org.springframework.http.converter.HttpMessageNotWritableException: No converter for [class com.baicha.mywallpaper.model.Respons] with preset Content-Type 'image/jpeg']
2025-07-16 13:46:59.687 [http-nio-8088-exec-2] WARN  o.s.w.s.m.support.DefaultHandlerExceptionResolver - Ignoring exception, response committed already: org.springframework.http.converter.HttpMessageNotWritableException: No converter for [class com.baicha.mywallpaper.model.Respons] with preset Content-Type 'image/jpeg'
2025-07-16 13:46:59.688 [http-nio-8088-exec-2] WARN  o.s.w.s.m.support.DefaultHandlerExceptionResolver - Resolved [org.springframework.http.converter.HttpMessageNotWritableException: No converter for [class com.baicha.mywallpaper.model.Respons] with preset Content-Type 'image/jpeg']
2025-07-16 13:49:44.835 [http-nio-8088-exec-6] WARN  o.s.w.s.m.support.DefaultHandlerExceptionResolver - Ignoring exception, response committed already: org.springframework.http.converter.HttpMessageNotWritableException: No converter for [class com.baicha.mywallpaper.model.Respons] with preset Content-Type 'image/jpeg'
2025-07-16 13:49:44.835 [http-nio-8088-exec-6] WARN  o.s.w.s.m.support.DefaultHandlerExceptionResolver - Resolved [org.springframework.http.converter.HttpMessageNotWritableException: No converter for [class com.baicha.mywallpaper.model.Respons] with preset Content-Type 'image/jpeg']
